<?xml version="1.0" encoding="UTF-8"?>
<!-- Generated by org.testng.reporters.JUnitReportReporter -->
<testsuite hostname="hp" failures="0" tests="1" name="Testcases.RemoveCart_testcase" time="27.755" errors="0" timestamp="2025-03-26T10:42:14 IST" skipped="0">
  <testcase classname="Testcases.RemoveCart_testcase" name="Remove_Cart" time="27.755"/>
  <system-out/>
</testsuite> <!-- Testcases.RemoveCart_testcase -->
