<?xml version="1.0" encoding="UTF-8"?>
<!-- Generated by org.testng.reporters.JUnitReportReporter -->
<testsuite hostname="hp" failures="0" tests="1" name="Testcases.LoginTestcase" time="10.920" errors="0" timestamp="2025-03-22T13:45:22 IST" skipped="0">
  <testcase classname="Testcases.LoginTestcase" name="loginTest" time="10.920"/>
  <system-out/>
</testsuite> <!-- Testcases.LoginTestcase -->
