<?xml version="1.0" encoding="UTF-8"?>
<!-- Generated by org.testng.reporters.JUnitReportReporter -->
<testsuite hostname="hp" failures="0" tests="1" name="Testcases.CheckoutTestcase" time="73.497" errors="0" timestamp="2025-03-26T10:42:14 IST" skipped="0">
  <testcase classname="Testcases.CheckoutTestcase" name="checkOutTest" time="73.497"/>
  <system-out/>
</testsuite> <!-- Testcases.CheckoutTestcase -->
