<?xml version="1.0" encoding="UTF-8"?>
<!-- Generated by org.testng.reporters.JUnitReportReporter -->
<testsuite hostname="hp" failures="0" tests="1" name="MyRunner.LoginrunnerTestNg" time="8.635" errors="0" timestamp="2025-03-22T13:45:22 IST" skipped="0">
  <testcase classname="MyRunner.LoginrunnerTestNg" name="runScenario" time="8.635"/>
  <system-out/>
</testsuite> <!-- MyRunner.LoginrunnerTestNg -->
