<?xml version="1.0" encoding="UTF-8"?>
<!-- Generated by org.testng.reporters.JUnitReportReporter -->
<testsuite hostname="hp" failures="0" tests="1" name="Testcases.cartTestcase" time="13.156" errors="0" timestamp="2025-03-22T13:45:22 IST" skipped="0">
  <testcase classname="Testcases.cartTestcase" name="TestCases3" time="13.156"/>
  <system-out/>
</testsuite> <!-- Testcases.cartTestcase -->
