<?xml version="1.0" encoding="UTF-8"?>
<!-- Generated by org.testng.reporters.JUnitReportReporter -->
<testsuite hostname="hp" failures="0" tests="1" name="Testcases.RegistrationInvalid" time="6.308" errors="0" timestamp="2025-03-26T10:42:14 IST" skipped="0">
  <testcase classname="Testcases.RegistrationInvalid" name="RegisterInvalid" time="6.308"/>
  <system-out/>
</testsuite> <!-- Testcases.RegistrationInvalid -->
