<?xml version="1.0" encoding="UTF-8"?>
<!-- Generated by org.testng.reporters.JUnitReportReporter -->
<testsuite hostname="hp" failures="0" tests="1" name="Testcases.RegisterTestcase" time="8.194" errors="0" timestamp="2025-03-22T13:45:22 IST" skipped="0">
  <testcase classname="Testcases.RegisterTestcase" name="TestCases1" time="8.194"/>
  <system-out/>
</testsuite> <!-- Testcases.RegisterTestcase -->
