<?xml version="1.0" encoding="UTF-8"?>
<!-- Generated by org.testng.reporters.JUnitReportReporter -->
<testsuite hostname="hp" failures="0" tests="1" name="Testcases.Addtocart_Testcase" time="22.560" errors="0" timestamp="2025-03-20T14:58:46 IST" skipped="0">
  <testcase classname="Testcases.Addtocart_Testcase" name="TestCases3" time="22.560"/>
  <system-out/>
</testsuite> <!-- Testcases.Addtocart_Testcase -->
