<?xml version="1.0" encoding="UTF-8"?>
<!-- Generated by org.testng.reporters.JUnitReportReporter -->
<testsuite hostname="hp" failures="0" tests="1" name="Testcases.CartTestcase" time="12.015" errors="0" timestamp="2025-03-26T10:42:14 IST" skipped="0">
  <testcase classname="Testcases.CartTestcase" name="TestCases3" time="12.015"/>
  <system-out/>
</testsuite> <!-- Testcases.CartTestcase -->
