<?xml version="1.0" encoding="UTF-8"?>
<!-- Generated by org.testng.reporters.JUnitReportReporter -->
<testsuite hostname="hp" failures="0" tests="1" name="Testcases.RegisterTestcase" time="6.681" errors="0" timestamp="2025-03-22T10:13:23 IST" skipped="0">
  <testcase classname="Testcases.RegisterTestcase" name="TestCases1" time="6.681"/>
  <system-out/>
</testsuite> <!-- Testcases.RegisterTestcase -->
