<?xml version="1.0" encoding="UTF-8"?>
<!-- Generated by org.testng.reporters.JUnitReportReporter -->
<testsuite hostname="hp" failures="0" tests="1" name="Testcases.cartTestcase" time="9.971" errors="0" timestamp="2025-03-22T10:13:23 IST" skipped="0">
  <testcase classname="Testcases.cartTestcase" name="TestCases3" time="9.971"/>
  <system-out/>
</testsuite> <!-- Testcases.cartTestcase -->
